<?xml version="1.0" encoding="UTF-8"?>
<!-- Generated by org.testng.reporters.JUnitReportReporter -->
<testsuite hostname="DESKTOP-4U6I529" failures="0" tests="1" name="MAvenStart.MAven.AppTest" time="0.012" errors="0" timestamp="2021-10-02T16:35:02 IST" skipped="0">
  <testcase classname="MAvenStart.MAven.AppTest" name="testApp" time="0.012"/>
</testsuite> <!-- MAvenStart.MAven.AppTest -->
