<?xml version="1.0" encoding="UTF-8"?>
<!-- Generated by org.testng.reporters.JUnitReportReporter -->
<testsuite hostname="DESKTOP-4U6I529" failures="0" tests="1" name="MAvenStart.MAven.GoogleAssertTest" time="0.168" errors="0" timestamp="2021-10-02T16:01:58 IST" skipped="0">
  <testcase classname="MAvenStart.MAven.GoogleAssertTest" name="f" time="0.168"/>
</testsuite> <!-- MAvenStart.MAven.GoogleAssertTest -->
